# JRE version: OpenJDK Runtime Environment Temurin-21.0.10+7 (21.0.10+7) (build 21.0.10+7-LTS)
# Java VM: OpenJDK 64-Bit Server VM Temurin-21.0.10+7 (21.0.10+7-LTS, mixed mode, sharing, tiered, compressed oops, compressed class ptrs, parallel gc, windows-amd64)
GC Precious Log:
 CardTable entry size: 512
 CPUs: 16 total, 16 available
 Memory: 16108M
 Large Page Support: Disabled
 NUMA Support: Disabled
 Compressed Oops: Enabled (32-bit)
 Alignments: Space 512K, Generation 512K, Heap 2M
 Heap Min Capacity: 100M
 Heap Initial Capacity: 100M
 Heap Max Capacity: 2G
 Pre-touch: Disabled
 Parallel Workers: 13
Heap:
 PSYoungGen      total 9728K, used 7769K [0x00000000d5580000, 0x00000000d6180000, 0x0000000100000000)
  eden space 9216K, 79% used [0x00000000d5580000,0x00000000d5cae468,0x00000000d5e80000)
  from space 512K, 81% used [0x00000000d6100000,0x00000000d6168000,0x00000000d6180000)
  to   space 512K, 0% used [0x00000000d6080000,0x00000000d6080000,0x00000000d6100000)
 ParOldGen       total 89600K, used 89232K [0x0000000080000000, 0x0000000085780000, 0x00000000d5580000)
  object space 89600K, 99% used [0x0000000080000000,0x00000000857241b8,0x0000000085780000)
 Metaspace       used 73172K, committed 74752K, reserved 1179648K
  class space    used 7613K, committed 8320K, reserved 1048576K
GC Heap History (20 events):
Event: 16.665 GC heap before
{Heap before GC invocations=110 (full 3):
 PSYoungGen      total 10240K, used 10240K [0x00000000d5580000, 0x00000000d6500000, 0x0000000100000000)
  eden space 9216K, 100% used [0x00000000d5580000,0x00000000d5e80000,0x00000000d5e80000)
  from space 1024K, 100% used [0x00000000d6100000,0x00000000d6200000,0x00000000d6200000)
  to   space 2560K, 0% used [0x00000000d5e80000,0x00000000d5e80000,0x00000000d6100000)
 ParOldGen       total 80896K, used 80526K [0x0000000080000000, 0x0000000084f00000, 0x00000000d5580000)
  object space 80896K, 99% used [0x0000000080000000,0x0000000084ea3a50,0x0000000084f00000)
 Metaspace       used 67234K, committed 68736K, reserved 1114112K
  class space    used 7100K, committed 7808K, reserved 1048576K
}
Event: 16.668 GC heap after
{Heap after GC invocations=110 (full 3):
 PSYoungGen      total 10240K, used 960K [0x00000000d5580000, 0x00000000d6180000, 0x0000000100000000)
  eden space 9216K, 0% used [0x00000000d5580000,0x00000000d5580000,0x00000000d5e80000)
  from space 1024K, 93% used [0x00000000d5e80000,0x00000000d5f70020,0x00000000d5f80000)
  to   space 1536K, 0% used [0x00000000d6000000,0x00000000d6000000,0x00000000d6180000)
 ParOldGen       total 81920K, used 81558K [0x0000000080000000, 0x0000000085000000, 0x00000000d5580000)
  object space 81920K, 99% used [0x0000000080000000,0x0000000084fa5a50,0x0000000085000000)
 Metaspace       used 67234K, committed 68736K, reserved 1114112K
  class space    used 7100K, committed 7808K, reserved 1048576K
}
Event: 16.785 GC heap before
{Heap before GC invocations=111 (full 3):
 PSYoungGen      total 10240K, used 10176K [0x00000000d5580000, 0x00000000d6180000, 0x0000000100000000)
  eden space 9216K, 100% used [0x00000000d5580000,0x00000000d5e80000,0x00000000d5e80000)
  from space 1024K, 93% used [0x00000000d5e80000,0x00000000d5f70020,0x00000000d5f80000)
  to   space 1536K, 0% used [0x00000000d6000000,0x00000000d6000000,0x00000000d6180000)
 ParOldGen       total 81920K, used 81558K [0x0000000080000000, 0x0000000085000000, 0x00000000d5580000)
  object space 81920K, 99% used [0x0000000080000000,0x0000000084fa5a50,0x0000000085000000)
 Metaspace       used 67805K, committed 69312K, reserved 1114112K
  class space    used 7130K, committed 7808K, reserved 1048576K
}
Event: 16.787 GC heap after
{Heap after GC invocations=111 (full 3):
 PSYoungGen      total 10752K, used 1216K [0x00000000d5580000, 0x00000000d6180000, 0x0000000100000000)
  eden space 9216K, 0% used [0x00000000d5580000,0x00000000d5580000,0x00000000d5e80000)
  from space 1536K, 79% used [0x00000000d6000000,0x00000000d6130000,0x00000000d6180000)
  to   space 1536K, 0% used [0x00000000d5e80000,0x00000000d5e80000,0x00000000d6000000)
 ParOldGen       total 82432K, used 82134K [0x0000000080000000, 0x0000000085080000, 0x00000000d5580000)
  object space 82432K, 99% used [0x0000000080000000,0x0000000085035a70,0x0000000085080000)
 Metaspace       used 67805K, committed 69312K, reserved 1114112K
  class space    used 7130K, committed 7808K, reserved 1048576K
}
Event: 16.975 GC heap before
{Heap before GC invocations=112 (full 3):
 PSYoungGen      total 10752K, used 10421K [0x00000000d5580000, 0x00000000d6180000, 0x0000000100000000)
  eden space 9216K, 99% used [0x00000000d5580000,0x00000000d5e7d708,0x00000000d5e80000)
  from space 1536K, 79% used [0x00000000d6000000,0x00000000d6130000,0x00000000d6180000)
  to   space 1536K, 0% used [0x00000000d5e80000,0x00000000d5e80000,0x00000000d6000000)
 ParOldGen       total 82432K, used 82134K [0x0000000080000000, 0x0000000085080000, 0x00000000d5580000)
  object space 82432K, 99% used [0x0000000080000000,0x0000000085035a70,0x0000000085080000)
 Metaspace       used 68899K, committed 70464K, reserved 1114112K
  class space    used 7230K, committed 7936K, reserved 1048576K
}
Event: 16.976 GC heap after
{Heap after GC invocations=112 (full 3):
 PSYoungGen      total 10752K, used 1522K [0x00000000d5580000, 0x00000000d6480000, 0x0000000100000000)
  eden space 9216K, 0% used [0x00000000d5580000,0x00000000d5580000,0x00000000d5e80000)
  from space 1536K, 99% used [0x00000000d5e80000,0x00000000d5ffcaa8,0x00000000d6000000)
  to   space 3072K, 0% used [0x00000000d6180000,0x00000000d6180000,0x00000000d6480000)
 ParOldGen       total 83456K, used 83076K [0x0000000080000000, 0x0000000085180000, 0x00000000d5580000)
  object space 83456K, 99% used [0x0000000080000000,0x00000000851211a8,0x0000000085180000)
 Metaspace       used 68899K, committed 70464K, reserved 1114112K
  class space    used 7230K, committed 7936K, reserved 1048576K
}
Event: 17.136 GC heap before
{Heap before GC invocations=113 (full 3):
 PSYoungGen      total 10752K, used 10738K [0x00000000d5580000, 0x00000000d6480000, 0x0000000100000000)
  eden space 9216K, 100% used [0x00000000d5580000,0x00000000d5e80000,0x00000000d5e80000)
  from space 1536K, 99% used [0x00000000d5e80000,0x00000000d5ffcaa8,0x00000000d6000000)
  to   space 3072K, 0% used [0x00000000d6180000,0x00000000d6180000,0x00000000d6480000)
 ParOldGen       total 83456K, used 83076K [0x0000000080000000, 0x0000000085180000, 0x00000000d5580000)
  object space 83456K, 99% used [0x0000000080000000,0x00000000851211a8,0x0000000085180000)
 Metaspace       used 70105K, committed 71680K, reserved 1114112K
  class space    used 7322K, committed 8000K, reserved 1048576K
}
Event: 17.138 GC heap after
{Heap after GC invocations=113 (full 3):
 PSYoungGen      total 10752K, used 1121K [0x00000000d5580000, 0x00000000d6300000, 0x0000000100000000)
  eden space 9216K, 0% used [0x00000000d5580000,0x00000000d5580000,0x00000000d5e80000)
  from space 1536K, 72% used [0x00000000d6180000,0x00000000d6298430,0x00000000d6300000)
  to   space 2048K, 0% used [0x00000000d5f00000,0x00000000d5f00000,0x00000000d6100000)
 ParOldGen       total 84992K, used 84533K [0x0000000080000000, 0x0000000085300000, 0x00000000d5580000)
  object space 84992K, 99% used [0x0000000080000000,0x000000008528d540,0x0000000085300000)
 Metaspace       used 70105K, committed 71680K, reserved 1114112K
  class space    used 7322K, committed 8000K, reserved 1048576K
}
Event: 17.344 GC heap before
{Heap before GC invocations=114 (full 3):
 PSYoungGen      total 10752K, used 10337K [0x00000000d5580000, 0x00000000d6300000, 0x0000000100000000)
  eden space 9216K, 100% used [0x00000000d5580000,0x00000000d5e80000,0x00000000d5e80000)
  from space 1536K, 72% used [0x00000000d6180000,0x00000000d6298430,0x00000000d6300000)
  to   space 2048K, 0% used [0x00000000d5f00000,0x00000000d5f00000,0x00000000d6100000)
 ParOldGen       total 84992K, used 84533K [0x0000000080000000, 0x0000000085300000, 0x00000000d5580000)
  object space 84992K, 99% used [0x0000000080000000,0x000000008528d540,0x0000000085300000)
 Metaspace       used 70619K, committed 72192K, reserved 1114112K
  class space    used 7359K, committed 8064K, reserved 1048576K
}
Event: 17.345 GC heap after
{Heap after GC invocations=114 (full 3):
 PSYoungGen      total 10752K, used 1075K [0x00000000d5580000, 0x00000000d6200000, 0x0000000100000000)
  eden space 9216K, 0% used [0x00000000d5580000,0x00000000d5580000,0x00000000d5e80000)
  from space 1536K, 70% used [0x00000000d5f00000,0x00000000d600cd28,0x00000000d6080000)
  to   space 1536K, 0% used [0x00000000d6080000,0x00000000d6080000,0x00000000d6200000)
 ParOldGen       total 85504K, used 85270K [0x0000000080000000, 0x0000000085380000, 0x00000000d5580000)
  object space 85504K, 99% used [0x0000000080000000,0x0000000085345890,0x0000000085380000)
 Metaspace       used 70619K, committed 72192K, reserved 1114112K
  class space    used 7359K, committed 8064K, reserved 1048576K
}
Event: 17.372 GC heap before
{Heap before GC invocations=115 (full 3):
 PSYoungGen      total 10752K, used 10291K [0x00000000d5580000, 0x00000000d6200000, 0x0000000100000000)
  eden space 9216K, 99% used [0x00000000d5580000,0x00000000d5e7fff8,0x00000000d5e80000)
  from space 1536K, 70% used [0x00000000d5f00000,0x00000000d600cd28,0x00000000d6080000)
  to   space 1536K, 0% used [0x00000000d6080000,0x00000000d6080000,0x00000000d6200000)
 ParOldGen       total 85504K, used 85270K [0x0000000080000000, 0x0000000085380000, 0x00000000d5580000)
  object space 85504K, 99% used [0x0000000080000000,0x0000000085345890,0x0000000085380000)
 Metaspace       used 70680K, committed 72256K, reserved 1114112K
  class space    used 7363K, committed 8064K, reserved 1048576K
}
Event: 17.373 GC heap after
{Heap after GC invocations=115 (full 3):
 PSYoungGen      total 10240K, used 992K [0x00000000d5580000, 0x00000000d6180000, 0x0000000100000000)
  eden space 9216K, 0% used [0x00000000d5580000,0x00000000d5580000,0x00000000d5e80000)
  from space 1024K, 96% used [0x00000000d6080000,0x00000000d6178020,0x00000000d6180000)
  to   space 1536K, 0% used [0x00000000d5e80000,0x00000000d5e80000,0x00000000d6000000)
 ParOldGen       total 86528K, used 86161K [0x0000000080000000, 0x0000000085480000, 0x00000000d5580000)
  object space 86528K, 99% used [0x0000000080000000,0x0000000085424608,0x0000000085480000)
 Metaspace       used 70680K, committed 72256K, reserved 1114112K
  class space    used 7363K, committed 8064K, reserved 1048576K
}
Event: 17.608 GC heap before
{Heap before GC invocations=116 (full 3):
 PSYoungGen      total 10240K, used 10207K [0x00000000d5580000, 0x00000000d6180000, 0x0000000100000000)
  eden space 9216K, 99% used [0x00000000d5580000,0x00000000d5e7fed0,0x00000000d5e80000)
  from space 1024K, 96% used [0x00000000d6080000,0x00000000d6178020,0x00000000d6180000)
  to   space 1536K, 0% used [0x00000000d5e80000,0x00000000d5e80000,0x00000000d6000000)
 ParOldGen       total 86528K, used 86161K [0x0000000080000000, 0x0000000085480000, 0x00000000d5580000)
  object space 86528K, 99% used [0x0000000080000000,0x0000000085424608,0x0000000085480000)
 Metaspace       used 71255K, committed 72832K, reserved 1114112K
  class space    used 7402K, committed 8128K, reserved 1048576K
}
Event: 17.609 GC heap after
{Heap after GC invocations=116 (full 3):
 PSYoungGen      total 10752K, used 1514K [0x00000000d5580000, 0x00000000d6480000, 0x0000000100000000)
  eden space 9216K, 0% used [0x00000000d5580000,0x00000000d5580000,0x00000000d5e80000)
  from space 1536K, 98% used [0x00000000d5e80000,0x00000000d5ffaa60,0x00000000d6000000)
  to   space 3072K, 0% used [0x00000000d6180000,0x00000000d6180000,0x00000000d6480000)
 ParOldGen       total 87552K, used 87169K [0x0000000080000000, 0x0000000085580000, 0x00000000d5580000)
  object space 87552K, 99% used [0x0000000080000000,0x0000000085520688,0x0000000085580000)
 Metaspace       used 71255K, committed 72832K, reserved 1114112K
  class space    used 7402K, committed 8128K, reserved 1048576K
}
Event: 17.719 GC heap before
{Heap before GC invocations=117 (full 3):
 PSYoungGen      total 10752K, used 10730K [0x00000000d5580000, 0x00000000d6480000, 0x0000000100000000)
  eden space 9216K, 100% used [0x00000000d5580000,0x00000000d5e80000,0x00000000d5e80000)
  from space 1536K, 98% used [0x00000000d5e80000,0x00000000d5ffaa60,0x00000000d6000000)
  to   space 3072K, 0% used [0x00000000d6180000,0x00000000d6180000,0x00000000d6480000)
 ParOldGen       total 87552K, used 87169K [0x0000000080000000, 0x0000000085580000, 0x00000000d5580000)
  object space 87552K, 99% used [0x0000000080000000,0x0000000085520688,0x0000000085580000)
 Metaspace       used 71656K, committed 73216K, reserved 1114112K
  class space    used 7439K, committed 8128K, reserved 1048576K
}
Event: 17.721 GC heap after
{Heap after GC invocations=117 (full 3):
 PSYoungGen      total 9728K, used 416K [0x00000000d5580000, 0x00000000d6200000, 0x0000000100000000)
  eden space 9216K, 0% used [0x00000000d5580000,0x00000000d5580000,0x00000000d5e80000)
  from space 512K, 81% used [0x00000000d6180000,0x00000000d61e8020,0x00000000d6200000)
  to   space 1536K, 0% used [0x00000000d5f00000,0x00000000d5f00000,0x00000000d6080000)
 ParOldGen       total 89088K, used 88686K [0x0000000080000000, 0x0000000085700000, 0x00000000d5580000)
  object space 89088K, 99% used [0x0000000080000000,0x000000008569b8b8,0x0000000085700000)
 Metaspace       used 71656K, committed 73216K, reserved 1114112K
  class space    used 7439K, committed 8128K, reserved 1048576K
}
Event: 17.842 GC heap before
{Heap before GC invocations=118 (full 3):
 PSYoungGen      total 9728K, used 9621K [0x00000000d5580000, 0x00000000d6200000, 0x0000000100000000)
  eden space 9216K, 99% used [0x00000000d5580000,0x00000000d5e7d708,0x00000000d5e80000)
  from space 512K, 81% used [0x00000000d6180000,0x00000000d61e8020,0x00000000d6200000)
  to   space 1536K, 0% used [0x00000000d5f00000,0x00000000d5f00000,0x00000000d6080000)
 ParOldGen       total 89088K, used 88686K [0x0000000080000000, 0x0000000085700000, 0x00000000d5580000)
  object space 89088K, 99% used [0x0000000080000000,0x000000008569b8b8,0x0000000085700000)
 Metaspace       used 72321K, committed 73856K, reserved 1179648K
  class space    used 7532K, committed 8192K, reserved 1048576K
}
Event: 17.844 GC heap after
{Heap after GC invocations=118 (full 3):
 PSYoungGen      total 10752K, used 541K [0x00000000d5580000, 0x00000000d6200000, 0x0000000100000000)
  eden space 9216K, 0% used [0x00000000d5580000,0x00000000d5580000,0x00000000d5e80000)
  from space 1536K, 35% used [0x00000000d5f00000,0x00000000d5f87650,0x00000000d6080000)
  to   space 1024K, 0% used [0x00000000d6100000,0x00000000d6100000,0x00000000d6200000)
 ParOldGen       total 89088K, used 88950K [0x0000000080000000, 0x0000000085700000, 0x00000000d5580000)
  object space 89088K, 99% used [0x0000000080000000,0x00000000856dd8d8,0x0000000085700000)
 Metaspace       used 72321K, committed 73856K, reserved 1179648K
  class space    used 7532K, committed 8192K, reserved 1048576K
}
Event: 17.982 GC heap before
{Heap before GC invocations=119 (full 3):
 PSYoungGen      total 10752K, used 9757K [0x00000000d5580000, 0x00000000d6200000, 0x0000000100000000)
  eden space 9216K, 100% used [0x00000000d5580000,0x00000000d5e80000,0x00000000d5e80000)
  from space 1536K, 35% used [0x00000000d5f00000,0x00000000d5f87650,0x00000000d6080000)
  to   space 1024K, 0% used [0x00000000d6100000,0x00000000d6100000,0x00000000d6200000)
 ParOldGen       total 89088K, used 88950K [0x0000000080000000, 0x0000000085700000, 0x00000000d5580000)
  object space 89088K, 99% used [0x0000000080000000,0x00000000856dd8d8,0x0000000085700000)
 Metaspace       used 72805K, committed 74368K, reserved 1179648K
  class space    used 7588K, committed 8320K, reserved 1048576K
}
Event: 17.983 GC heap after
{Heap after GC invocations=119 (full 3):
 PSYoungGen      total 9728K, used 416K [0x00000000d5580000, 0x00000000d6180000, 0x0000000100000000)
  eden space 9216K, 0% used [0x00000000d5580000,0x00000000d5580000,0x00000000d5e80000)
  from space 512K, 81% used [0x00000000d6100000,0x00000000d6168000,0x00000000d6180000)
  to   space 512K, 0% used [0x00000000d6080000,0x00000000d6080000,0x00000000d6100000)
 ParOldGen       total 89600K, used 89232K [0x0000000080000000, 0x0000000085780000, 0x00000000d5580000)
  object space 89600K, 99% used [0x0000000080000000,0x00000000857241b8,0x0000000085780000)
 Metaspace       used 72805K, committed 74368K, reserved 1179648K
  class space    used 7588K, committed 8320K, reserved 1048576K
}

